<?xml version="1.0" encoding="UTF-8"?>
<!-- Generated by org.testng.reporters.JUnitXMLReporter -->
<testsuite ignored="0" hostname="Jaleel" failures="1" tests="1" name="Test(failed)(failed)(failed)" time="19.88" errors="0" timestamp="2025-09-26T16:11:36 IST">
  <testcase classname="testCases.TC_006_AddToCart" name="AddingToCart" time="11.936">
    <failure type="java.lang.AssertionError" message="null">
      <![CDATA[java.lang.AssertionError: null
at testCases.TC_006_AddToCart.AddingToCart(TC_006_AddToCart.java:34)
at java.base/java.util.ArrayList.forEach(ArrayList.java:1596)
... Removed 27 stack frames]]>
    </failure>
  </testcase> <!-- AddingToCart -->
</testsuite> <!-- Test(failed)(failed)(failed) -->
